2024-01-04 20:18:14 0 [Note] Starting MariaDB 10.11.6-MariaDB source revision fecd78b83785d5ae96f2c6ff340375be803cd299 as process 8429
2024-01-04 20:18:14 0 [Note] InnoDB: Compressed tables use zlib 1.3
2024-01-04 20:18:14 0 [Note] InnoDB: Number of transaction pools: 1
2024-01-04 20:18:14 0 [Note] InnoDB: Using crc32 + pclmulqdq instructions
2024-01-04 20:18:14 0 [Note] InnoDB: Using liburing
2024-01-04 20:18:14 0 [Note] InnoDB: Initializing buffer pool, total size = 128.000MiB, chunk size = 2.000MiB
2024-01-04 20:18:14 0 [Note] InnoDB: Completed initialization of buffer pool
2024-01-04 20:18:14 0 [Note] InnoDB: File system buffers for log disabled (block size=512 bytes)
2024-01-04 20:18:14 0 [Note] InnoDB: Starting crash recovery from checkpoint LSN=3211078
2024-01-04 20:18:14 0 [Note] InnoDB: End of log at LSN=3233456
2024-01-04 20:18:14 0 [Note] InnoDB: To recover: 14 pages
2024-01-04 20:18:14 0 [Note] InnoDB: 128 rollback segments are active.
2024-01-04 20:18:14 0 [Note] InnoDB: Removed temporary tablespace data file: "./ibtmp1"
2024-01-04 20:18:14 0 [Note] InnoDB: Setting file './ibtmp1' size to 12.000MiB. Physically writing the file full; Please wait ...
2024-01-04 20:18:14 0 [Note] InnoDB: File './ibtmp1' size is now 12.000MiB.
2024-01-04 20:18:14 0 [Note] InnoDB: log sequence number 3233456; transaction id 217
2024-01-04 20:18:14 0 [Note] InnoDB: Loading buffer pool(s) from /home/omar/uni/fall2023/comp306/homeworks/homework-2/HW2/mysql/data/ib_buffer_pool
2024-01-04 20:18:14 0 [Note] Plugin 'FEEDBACK' is disabled.
2024-01-04 20:18:14 0 [Note] Server socket created on IP: '0.0.0.0'.
2024-01-04 20:18:14 0 [Note] Server socket created on IP: '::'.
2024-01-04 20:18:14 0 [Note] InnoDB: Buffer pool(s) load completed at 240104 20:18:14
2024-01-04 20:18:14 0 [Note] mysqld: ready for connections.
Version: '10.11.6-MariaDB'  socket: '/home/omar/uni/fall2023/comp306/homeworks/homework-2/HW2/mysql/mysql.sock'  port: 3306  MariaDB Server
